<?xml version="1.0" encoding="UTF-8" ?>
<testsuite failures="0" time="0.024" errors="0" skipped="0" tests="72" name="org.bukkit.craftbukkit.inventory.ItemMetaImplementationOverrideTest">
  <properties>
[...]
</properties>
  <testcase time="0" classname="org.bukkit.craftbukkit.inventory.ItemMetaImplementationOverrideTest" name="testClass[[0]:CraftMetaBook contains applyHash]"/>
  <testcase time="0" classname="org.bukkit.craftbukkit.inventory.ItemMetaImplementationOverrideTest" name="testClass[[1]:CraftMetaBook contains equalsCommon]"/>
  <testcase time="0" classname="org.bukkit.craftbukkit.inventory.ItemMetaImplementationOverrideTest" name="testClass[[2]:CraftMetaBook contains notUncommon]"/>
  <testcase time="0" classname="org.bukkit.craftbukkit.inventory.ItemMetaImplementationOverrideTest" name="testClass[[3]:CraftMetaBook contains serialize]"/>
  <testcase time="0" classname="org.bukkit.craftbukkit.inventory.ItemMetaImplementationOverrideTest" name="testClass[[4]:CraftMetaBook contains applicableTo]"/>
  <testcase time="0" classname="org.bukkit.craftbukkit.inventory.ItemMetaImplementationOverrideTest" name="testClass[[5]:CraftMetaBook contains applyToItem]"/>
  <testcase time="0" classname="org.bukkit.craftbukkit.inventory.ItemMetaImplementationOverrideTest" name="testClass[[6]:CraftMetaBook contains clone]"/>
  <testcase time="0" classname="org.bukkit.craftbukkit.inventory.ItemMetaImplementationOverrideTest" name="testClass[[7]:CraftMetaBook contains isEmpty]"/>
  <testcase time="0.002" classname="org.bukkit.craftbukkit.inventory.ItemMetaImplementationOverrideTest" name="testClass[[8]:CraftMetaBook contains annotation interface org.bukkit.configuration.serialization.DelegateDeserialization]"/>
  <testcase time="0" classname="org.bukkit.craftbukkit.inventory.ItemMetaImplementationOverrideTest" name="testClass[[9]:CraftMetaFirework contains applyHash]"/>
  <testcase time="0" classname="org.bukkit.craftbukkit.inventory.ItemMetaImplementationOverrideTest" name="testClass[[10]:CraftMetaFirework contains equalsCommon]"/>
  <testcase time="0" classname="org.bukkit.craftbukkit.inventory.ItemMetaImplementationOverrideTest" name="testClass[[11]:CraftMetaFirework contains notUncommon]"/>
  <testcase time="0" classname="org.bukkit.craftbukkit.inventory.ItemMetaImplementationOverrideTest" name="testClass[[12]:CraftMetaFirework contains serialize]"/>
  <testcase time="0" classname="org.bukkit.craftbukkit.inventory.ItemMetaImplementationOverrideTest" name="testClass[[13]:CraftMetaFirework contains applicableTo]"/>
  <testcase time="0" classname="org.bukkit.craftbukkit.inventory.ItemMetaImplementationOverrideTest" name="testClass[[14]:CraftMetaFirework contains applyToItem]"/>
  <testcase time="0.001" classname="org.bukkit.craftbukkit.inventory.ItemMetaImplementationOverrideTest" name="testClass[[15]:CraftMetaFirework contains clone]"/>
  <testcase time="0" classname="org.bukkit.craftbukkit.inventory.ItemMetaImplementationOverrideTest" name="testClass[[16]:CraftMetaFirework contains isEmpty]"/>
  <testcase time="0" classname="org.bukkit.craftbukkit.inventory.ItemMetaImplementationOverrideTest" name="testClass[[17]:CraftMetaFirework contains annotation interface org.bukkit.configuration.serialization.DelegateDeserialization]"/>
  <testcase time="0" classname="org.bukkit.craftbukkit.inventory.ItemMetaImplementationOverrideTest" name="testClass[[18]:CraftMetaCharge contains applyHash]"/>
  <testcase time="0" classname="org.bukkit.craftbukkit.inventory.ItemMetaImplementationOverrideTest" name="testClass[[19]:CraftMetaCharge contains equalsCommon]"/>
  <testcase time="0" classname="org.bukkit.craftbukkit.inventory.ItemMetaImplementationOverrideTest" name="testClass[[20]:CraftMetaCharge contains notUncommon]"/>
  <testcase time="0" classname="org.bukkit.craftbukkit.inventory.ItemMetaImplementationOverrideTest" name="testClass[[21]:CraftMetaCharge contains serialize]"/>
  <testcase time="0" classname="org.bukkit.craftbukkit.inventory.ItemMetaImplementationOverrideTest" name="testClass[[22]:CraftMetaCharge contains applicableTo]"/>
  <testcase time="0.001" classname="org.bukkit.craftbukkit.inventory.ItemMetaImplementationOverrideTest" name="testClass[[23]:CraftMetaCharge contains applyToItem]"/>
  <testcase time="0" classname="org.bukkit.craftbukkit.inventory.ItemMetaImplementationOverrideTest" name="testClass[[24]:CraftMetaCharge contains clone]"/>
  <testcase time="0" classname="org.bukkit.craftbukkit.inventory.ItemMetaImplementationOverrideTest" name="testClass[[25]:CraftMetaCharge contains isEmpty]"/>
  <testcase time="0" classname="org.bukkit.craftbukkit.inventory.ItemMetaImplementationOverrideTest" name="testClass[[26]:CraftMetaCharge contains annotation interface org.bukkit.configuration.serialization.DelegateDeserialization]"/>
  <testcase time="0" classname="org.bukkit.craftbukkit.inventory.ItemMetaImplementationOverrideTest" name="testClass[[27]:CraftMetaSkull contains applyHash]"/>
  <testcase time="0" classname="org.bukkit.craftbukkit.inventory.ItemMetaImplementationOverrideTest" name="testClass[[28]:CraftMetaSkull contains equalsCommon]"/>
  <testcase time="0" classname="org.bukkit.craftbukkit.inventory.ItemMetaImplementationOverrideTest" name="testClass[[29]:CraftMetaSkull contains notUncommon]"/>
  <testcase time="0" classname="org.bukkit.craftbukkit.inventory.ItemMetaImplementationOverrideTest" name="testClass[[30]:CraftMetaSkull contains serialize]"/>
  <testcase time="0" classname="org.bukkit.craftbukkit.inventory.ItemMetaImplementationOverrideTest" name="testClass[[31]:CraftMetaSkull contains applicableTo]"/>
  <testcase time="0" classname="org.bukkit.craftbukkit.inventory.ItemMetaImplementationOverrideTest" name="testClass[[32]:CraftMetaSkull contains applyToItem]"/>
  <testcase time="0" classname="org.bukkit.craftbukkit.inventory.ItemMetaImplementationOverrideTest" name="testClass[[33]:CraftMetaSkull contains clone]"/>
  <testcase time="0" classname="org.bukkit.craftbukkit.inventory.ItemMetaImplementationOverrideTest" name="testClass[[34]:CraftMetaSkull contains isEmpty]"/>
  <testcase time="0" classname="org.bukkit.craftbukkit.inventory.ItemMetaImplementationOverrideTest" name="testClass[[35]:CraftMetaSkull contains annotation interface org.bukkit.configuration.serialization.DelegateDeserialization]"/>
  <testcase time="0" classname="org.bukkit.craftbukkit.inventory.ItemMetaImplementationOverrideTest" name="testClass[[36]:CraftMetaPotion contains applyHash]"/>
  <testcase time="0" classname="org.bukkit.craftbukkit.inventory.ItemMetaImplementationOverrideTest" name="testClass[[37]:CraftMetaPotion contains equalsCommon]"/>
  <testcase time="0" classname="org.bukkit.craftbukkit.inventory.ItemMetaImplementationOverrideTest" name="testClass[[38]:CraftMetaPotion contains notUncommon]"/>
  <testcase time="0" classname="org.bukkit.craftbukkit.inventory.ItemMetaImplementationOverrideTest" name="testClass[[39]:CraftMetaPotion contains serialize]"/>
  <testcase time="0" classname="org.bukkit.craftbukkit.inventory.ItemMetaImplementationOverrideTest" name="testClass[[40]:CraftMetaPotion contains applicableTo]"/>
  <testcase time="0" classname="org.bukkit.craftbukkit.inventory.ItemMetaImplementationOverrideTest" name="testClass[[41]:CraftMetaPotion contains applyToItem]"/>
  <testcase time="0" classname="org.bukkit.craftbukkit.inventory.ItemMetaImplementationOverrideTest" name="testClass[[42]:CraftMetaPotion contains clone]"/>
  <testcase time="0" classname="org.bukkit.craftbukkit.inventory.ItemMetaImplementationOverrideTest" name="testClass[[43]:CraftMetaPotion contains isEmpty]"/>
  <testcase time="0" classname="org.bukkit.craftbukkit.inventory.ItemMetaImplementationOverrideTest" name="testClass[[44]:CraftMetaPotion contains annotation interface org.bukkit.configuration.serialization.DelegateDeserialization]"/>
  <testcase time="0" classname="org.bukkit.craftbukkit.inventory.ItemMetaImplementationOverrideTest" name="testClass[[45]:CraftMetaMap contains applyHash]"/>
  <testcase time="0" classname="org.bukkit.craftbukkit.inventory.ItemMetaImplementationOverrideTest" name="testClass[[46]:CraftMetaMap contains equalsCommon]"/>
  <testcase time="0" classname="org.bukkit.craftbukkit.inventory.ItemMetaImplementationOverrideTest" name="testClass[[47]:CraftMetaMap contains notUncommon]"/>
  <testcase time="0" classname="org.bukkit.craftbukkit.inventory.ItemMetaImplementationOverrideTest" name="testClass[[48]:CraftMetaMap contains serialize]"/>
  <testcase time="0" classname="org.bukkit.craftbukkit.inventory.ItemMetaImplementationOverrideTest" name="testClass[[49]:CraftMetaMap contains applicableTo]"/>
  <testcase time="0" classname="org.bukkit.craftbukkit.inventory.ItemMetaImplementationOverrideTest" name="testClass[[50]:CraftMetaMap contains applyToItem]"/>
  <testcase time="0" classname="org.bukkit.craftbukkit.inventory.ItemMetaImplementationOverrideTest" name="testClass[[51]:CraftMetaMap contains clone]"/>
  <testcase time="0" classname="org.bukkit.craftbukkit.inventory.ItemMetaImplementationOverrideTest" name="testClass[[52]:CraftMetaMap contains isEmpty]"/>
  <testcase time="0" classname="org.bukkit.craftbukkit.inventory.ItemMetaImplementationOverrideTest" name="testClass[[53]:CraftMetaMap contains annotation interface org.bukkit.configuration.serialization.DelegateDeserialization]"/>
  <testcase time="0.001" classname="org.bukkit.craftbukkit.inventory.ItemMetaImplementationOverrideTest" name="testClass[[54]:CraftMetaLeatherArmor contains applyHash]"/>
  <testcase time="0" classname="org.bukkit.craftbukkit.inventory.ItemMetaImplementationOverrideTest" name="testClass[[55]:CraftMetaLeatherArmor contains equalsCommon]"/>
  <testcase time="0" classname="org.bukkit.craftbukkit.inventory.ItemMetaImplementationOverrideTest" name="testClass[[56]:CraftMetaLeatherArmor contains notUncommon]"/>
  <testcase time="0" classname="org.bukkit.craftbukkit.inventory.ItemMetaImplementationOverrideTest" name="testClass[[57]:CraftMetaLeatherArmor contains serialize]"/>
  <testcase time="0" classname="org.bukkit.craftbukkit.inventory.ItemMetaImplementationOverrideTest" name="testClass[[58]:CraftMetaLeatherArmor contains applicableTo]"/>
  <testcase time="0" classname="org.bukkit.craftbukkit.inventory.ItemMetaImplementationOverrideTest" name="testClass[[59]:CraftMetaLeatherArmor contains applyToItem]"/>
  <testcase time="0" classname="org.bukkit.craftbukkit.inventory.ItemMetaImplementationOverrideTest" name="testClass[[60]:CraftMetaLeatherArmor contains clone]"/>
  <testcase time="0" classname="org.bukkit.craftbukkit.inventory.ItemMetaImplementationOverrideTest" name="testClass[[61]:CraftMetaLeatherArmor contains isEmpty]"/>
  <testcase time="0" classname="org.bukkit.craftbukkit.inventory.ItemMetaImplementationOverrideTest" name="testClass[[62]:CraftMetaLeatherArmor contains annotation interface org.bukkit.configuration.serialization.DelegateDeserialization]"/>
  <testcase time="0" classname="org.bukkit.craftbukkit.inventory.ItemMetaImplementationOverrideTest" name="testClass[[63]:CraftMetaEnchantedBook contains applyHash]"/>
  <testcase time="0.001" classname="org.bukkit.craftbukkit.inventory.ItemMetaImplementationOverrideTest" name="testClass[[64]:CraftMetaEnchantedBook contains equalsCommon]"/>
  <testcase time="0" classname="org.bukkit.craftbukkit.inventory.ItemMetaImplementationOverrideTest" name="testClass[[65]:CraftMetaEnchantedBook contains notUncommon]"/>
  <testcase time="0" classname="org.bukkit.craftbukkit.inventory.ItemMetaImplementationOverrideTest" name="testClass[[66]:CraftMetaEnchantedBook contains serialize]"/>
  <testcase time="0" classname="org.bukkit.craftbukkit.inventory.ItemMetaImplementationOverrideTest" name="testClass[[67]:CraftMetaEnchantedBook contains applicableTo]"/>
  <testcase time="0" classname="org.bukkit.craftbukkit.inventory.ItemMetaImplementationOverrideTest" name="testClass[[68]:CraftMetaEnchantedBook contains applyToItem]"/>
  <testcase time="0" classname="org.bukkit.craftbukkit.inventory.ItemMetaImplementationOverrideTest" name="testClass[[69]:CraftMetaEnchantedBook contains clone]"/>
  <testcase time="0" classname="org.bukkit.craftbukkit.inventory.ItemMetaImplementationOverrideTest" name="testClass[[70]:CraftMetaEnchantedBook contains isEmpty]"/>
  <testcase time="0" classname="org.bukkit.craftbukkit.inventory.ItemMetaImplementationOverrideTest" name="testClass[[71]:CraftMetaEnchantedBook contains annotation interface org.bukkit.configuration.serialization.DelegateDeserialization]"/>
</testsuite>